<?xml version="1.0" encoding="UTF-8"?>
<testng-results ignored="0" total="1" passed="1" failed="0" skipped="0">
  <reporter-output>
  </reporter-output>
  <suite started-at="2022-03-07T23:02:31 EST" name="regression" finished-at="2022-03-07T23:02:49 EST" duration-ms="18465">
    <groups>
      <group name="Functional">
        <method signature="propertiesNewTest.f()[pri:0, instance:regression.propertiesNewTest@19bb07ed]" name="f" class="regression.propertiesNewTest"/>
      </group> <!-- Functional -->
    </groups>
    <test started-at="2022-03-07T23:02:31 EST" name="commonNewTest" finished-at="2022-03-07T23:02:49 EST" duration-ms="18465">
      <class name="regression.propertiesNewTest">
        <test-method is-config="true" signature="browsers(java.lang.String,java.lang.String)[pri:0, instance:regression.propertiesNewTest@19bb07ed]" started-at="2022-03-07T23:02:31 EST" name="browsers" finished-at="2022-03-07T23:02:40 EST" duration-ms="8802" status="PASS">
          <params>
            <param index="0">
              <value>
                <![CDATA[edge]]>
              </value>
            </param>
            <param index="1">
              <value>
                <![CDATA[https://www.facebook.com]]>
              </value>
            </param>
          </params>
          <reporter-output>
          </reporter-output>
        </test-method> <!-- browsers -->
        <test-method signature="f()[pri:0, instance:regression.propertiesNewTest@19bb07ed]" started-at="2022-03-07T23:02:40 EST" name="f" finished-at="2022-03-07T23:02:40 EST" duration-ms="217" status="PASS">
          <reporter-output>
          </reporter-output>
        </test-method> <!-- f -->
        <test-method is-config="true" signature="afterTest()[pri:0, instance:regression.propertiesNewTest@19bb07ed]" started-at="2022-03-07T23:02:40 EST" name="afterTest" finished-at="2022-03-07T23:02:49 EST" duration-ms="9195" status="PASS">
          <reporter-output>
          </reporter-output>
        </test-method> <!-- afterTest -->
      </class> <!-- regression.propertiesNewTest -->
    </test> <!-- commonNewTest -->
  </suite> <!-- regression -->
</testng-results>
